{"C:\\Users\\Narek\\Desktop\\Skillex\\src\\App.jsx": {"path":"C:\\Users\\Narek\\Desktop\\Skillex\\src\\App.jsx","all":false,"statementMap":{"0":{"start":{"line":1,"column":0},"end":{"line":1,"column":49}},"1":{"start":{"line":2,"column":0},"end":{"line":2,"column":51}},"2":{"start":{"line":3,"column":0},"end":{"line":3,"column":50}},"3":{"start":{"line":4,"column":0},"end":{"line":4,"column":48}},"4":{"start":{"line":5,"column":0},"end":{"line":5,"column":69}},"5":{"start":{"line":6,"column":0},"end":{"line":6,"column":63}},"6":{"start":{"line":7,"column":0},"end":{"line":7,"column":66}},"7":{"start":{"line":8,"column":0},"end":{"line":8,"column":60}},"9":{"start":{"line":10,"column":0},"end":{"line":10,"column":16}},"10":{"start":{"line":11,"column":0},"end":{"line":11,"column":79}},"11":{"start":{"line":12,"column":0},"end":{"line":12,"column":70}},"12":{"start":{"line":13,"column":0},"end":{"line":13,"column":63}},"14":{"start":{"line":15,"column":0},"end":{"line":15,"column":51}},"15":{"start":{"line":16,"column":0},"end":{"line":16,"column":61}},"16":{"start":{"line":17,"column":0},"end":{"line":17,"column":42}},"17":{"start":{"line":18,"column":0},"end":{"line":18,"column":37}},"18":{"start":{"line":19,"column":0},"end":{"line":19,"column":17}},"19":{"start":{"line":20,"column":0},"end":{"line":20,"column":14}},"20":{"start":{"line":21,"column":0},"end":{"line":21,"column":14}},"21":{"start":{"line":22,"column":0},"end":{"line":22,"column":5}},"23":{"start":{"line":24,"column":0},"end":{"line":24,"column":67}},"24":{"start":{"line":25,"column":0},"end":{"line":25,"column":59}},"26":{"start":{"line":27,"column":0},"end":{"line":27,"column":25}},"27":{"start":{"line":28,"column":0},"end":{"line":28,"column":37}},"28":{"start":{"line":29,"column":0},"end":{"line":29,"column":30}},"29":{"start":{"line":30,"column":0},"end":{"line":30,"column":22}},"30":{"start":{"line":31,"column":0},"end":{"line":31,"column":4}},"32":{"start":{"line":33,"column":0},"end":{"line":33,"column":53}},"33":{"start":{"line":34,"column":0},"end":{"line":34,"column":33}},"34":{"start":{"line":35,"column":0},"end":{"line":35,"column":44}},"36":{"start":{"line":37,"column":0},"end":{"line":37,"column":64}},"37":{"start":{"line":38,"column":0},"end":{"line":38,"column":53}},"38":{"start":{"line":39,"column":0},"end":{"line":39,"column":44}},"39":{"start":{"line":40,"column":0},"end":{"line":40,"column":56}},"40":{"start":{"line":41,"column":0},"end":{"line":41,"column":36}},"41":{"start":{"line":42,"column":0},"end":{"line":42,"column":12}},"42":{"start":{"line":43,"column":0},"end":{"line":43,"column":16}},"43":{"start":{"line":44,"column":0},"end":{"line":44,"column":61}},"44":{"start":{"line":45,"column":0},"end":{"line":45,"column":9}},"45":{"start":{"line":46,"column":0},"end":{"line":46,"column":14}},"46":{"start":{"line":47,"column":0},"end":{"line":47,"column":39}},"47":{"start":{"line":48,"column":0},"end":{"line":48,"column":7}},"49":{"start":{"line":50,"column":0},"end":{"line":50,"column":24}},"50":{"start":{"line":51,"column":0},"end":{"line":51,"column":7}},"51":{"start":{"line":52,"column":0},"end":{"line":52,"column":4}},"53":{"start":{"line":54,"column":0},"end":{"line":54,"column":41}},"54":{"start":{"line":55,"column":0},"end":{"line":55,"column":38}},"55":{"start":{"line":56,"column":0},"end":{"line":56,"column":4}},"57":{"start":{"line":58,"column":0},"end":{"line":58,"column":39}},"58":{"start":{"line":59,"column":0},"end":{"line":59,"column":38}},"59":{"start":{"line":60,"column":0},"end":{"line":60,"column":4}},"61":{"start":{"line":62,"column":0},"end":{"line":62,"column":42}},"62":{"start":{"line":63,"column":0},"end":{"line":63,"column":39}},"63":{"start":{"line":64,"column":0},"end":{"line":64,"column":17}},"64":{"start":{"line":65,"column":0},"end":{"line":65,"column":38}},"65":{"start":{"line":66,"column":0},"end":{"line":66,"column":6}},"67":{"start":{"line":68,"column":0},"end":{"line":68,"column":33}},"68":{"start":{"line":69,"column":0},"end":{"line":69,"column":15}},"69":{"start":{"line":70,"column":0},"end":{"line":70,"column":32}},"70":{"start":{"line":71,"column":0},"end":{"line":71,"column":26}},"71":{"start":{"line":72,"column":0},"end":{"line":72,"column":16}},"72":{"start":{"line":73,"column":0},"end":{"line":73,"column":6}},"73":{"start":{"line":74,"column":0},"end":{"line":74,"column":70}},"75":{"start":{"line":76,"column":0},"end":{"line":76,"column":10}},"76":{"start":{"line":77,"column":0},"end":{"line":77,"column":57}},"77":{"start":{"line":78,"column":0},"end":{"line":78,"column":63}},"78":{"start":{"line":79,"column":0},"end":{"line":79,"column":64}},"79":{"start":{"line":80,"column":0},"end":{"line":80,"column":64}},"81":{"start":{"line":82,"column":0},"end":{"line":82,"column":15}},"82":{"start":{"line":83,"column":0},"end":{"line":83,"column":53}},"83":{"start":{"line":84,"column":0},"end":{"line":84,"column":26}},"84":{"start":{"line":85,"column":0},"end":{"line":85,"column":31}},"85":{"start":{"line":86,"column":0},"end":{"line":86,"column":43}},"86":{"start":{"line":87,"column":0},"end":{"line":87,"column":49}},"87":{"start":{"line":88,"column":0},"end":{"line":88,"column":14}},"88":{"start":{"line":89,"column":0},"end":{"line":89,"column":55}},"89":{"start":{"line":90,"column":0},"end":{"line":90,"column":97}},"90":{"start":{"line":91,"column":0},"end":{"line":91,"column":29}},"91":{"start":{"line":92,"column":0},"end":{"line":92,"column":41}},"92":{"start":{"line":93,"column":0},"end":{"line":93,"column":53}},"93":{"start":{"line":94,"column":0},"end":{"line":94,"column":18}},"94":{"start":{"line":95,"column":0},"end":{"line":95,"column":27}},"95":{"start":{"line":96,"column":0},"end":{"line":96,"column":41}},"96":{"start":{"line":97,"column":0},"end":{"line":97,"column":49}},"97":{"start":{"line":98,"column":0},"end":{"line":98,"column":18}},"98":{"start":{"line":99,"column":0},"end":{"line":99,"column":20}},"99":{"start":{"line":100,"column":0},"end":{"line":100,"column":57}},"100":{"start":{"line":101,"column":0},"end":{"line":101,"column":18}},"101":{"start":{"line":102,"column":0},"end":{"line":102,"column":16}},"102":{"start":{"line":103,"column":0},"end":{"line":103,"column":14}},"103":{"start":{"line":104,"column":0},"end":{"line":104,"column":13}},"104":{"start":{"line":105,"column":0},"end":{"line":105,"column":10}},"106":{"start":{"line":107,"column":0},"end":{"line":107,"column":1}},"108":{"start":{"line":109,"column":0},"end":{"line":109,"column":19}}},"s":{"0":1,"1":1,"2":1,"3":1,"4":1,"5":1,"6":1,"7":1,"9":9,"10":9,"11":9,"12":9,"14":9,"15":9,"16":9,"17":9,"18":9,"19":9,"20":9,"21":9,"23":9,"24":9,"26":9,"27":9,"28":9,"29":9,"30":9,"32":9,"33":1,"34":1,"36":1,"37":1,"38":1,"39":0,"40":0,"41":0,"42":1,"43":1,"44":1,"45":1,"46":0,"47":0,"49":1,"50":1,"51":1,"53":9,"54":1,"55":1,"57":9,"58":2,"59":2,"61":9,"62":6,"63":6,"64":6,"65":6,"67":6,"68":6,"69":6,"70":6,"71":6,"72":6,"73":9,"75":9,"76":9,"77":9,"78":9,"79":9,"81":9,"82":9,"83":9,"84":9,"85":9,"86":9,"87":9,"88":9,"89":9,"90":9,"91":9,"92":9,"93":9,"94":9,"95":9,"96":9,"97":9,"98":9,"99":9,"100":9,"101":9,"102":9,"103":9,"104":9,"106":9,"108":1},"branchMap":{"0":{"type":"branch","line":10,"loc":{"start":{"line":10,"column":0},"end":{"line":107,"column":1}},"locations":[{"start":{"line":10,"column":0},"end":{"line":107,"column":1}}]},"1":{"type":"branch","line":11,"loc":{"start":{"line":11,"column":61},"end":{"line":11,"column":75}},"locations":[{"start":{"line":11,"column":61},"end":{"line":11,"column":75}}]},"2":{"type":"branch","line":12,"loc":{"start":{"line":12,"column":49},"end":{"line":12,"column":66}},"locations":[{"start":{"line":12,"column":49},"end":{"line":12,"column":66}}]},"3":{"type":"branch","line":13,"loc":{"start":{"line":13,"column":45},"end":{"line":13,"column":59}},"locations":[{"start":{"line":13,"column":45},"end":{"line":13,"column":59}}]},"4":{"type":"branch","line":33,"loc":{"start":{"line":33,"column":29},"end":{"line":52,"column":4}},"locations":[{"start":{"line":33,"column":29},"end":{"line":52,"column":4}}]},"5":{"type":"branch","line":34,"loc":{"start":{"line":34,"column":15},"end":{"line":51,"column":5}},"locations":[{"start":{"line":34,"column":15},"end":{"line":51,"column":5}}]},"6":{"type":"branch","line":37,"loc":{"start":{"line":37,"column":25},"end":{"line":37,"column":63}},"locations":[{"start":{"line":37,"column":25},"end":{"line":37,"column":63}}]},"7":{"type":"branch","line":39,"loc":{"start":{"line":39,"column":43},"end":{"line":43,"column":15}},"locations":[{"start":{"line":39,"column":43},"end":{"line":43,"column":15}}]},"8":{"type":"branch","line":46,"loc":{"start":{"line":46,"column":6},"end":{"line":48,"column":7}},"locations":[{"start":{"line":46,"column":6},"end":{"line":48,"column":7}}]},"9":{"type":"branch","line":54,"loc":{"start":{"line":54,"column":29},"end":{"line":56,"column":4}},"locations":[{"start":{"line":54,"column":29},"end":{"line":56,"column":4}}]},"10":{"type":"branch","line":58,"loc":{"start":{"line":58,"column":27},"end":{"line":60,"column":4}},"locations":[{"start":{"line":58,"column":27},"end":{"line":60,"column":4}}]},"11":{"type":"branch","line":62,"loc":{"start":{"line":62,"column":35},"end":{"line":74,"column":5}},"locations":[{"start":{"line":62,"column":35},"end":{"line":74,"column":5}}]}},"b":{"0":[9],"1":[45],"2":[45],"3":[45],"4":[1],"5":[1],"6":[0],"7":[0],"8":[0],"9":[1],"10":[2],"11":[6]},"fnMap":{"0":{"name":"App","decl":{"start":{"line":10,"column":0},"end":{"line":107,"column":1}},"loc":{"start":{"line":10,"column":0},"end":{"line":107,"column":1}},"line":10},"1":{"name":"handleFilterChange","decl":{"start":{"line":33,"column":29},"end":{"line":52,"column":4}},"loc":{"start":{"line":33,"column":29},"end":{"line":52,"column":4}},"line":33},"2":{"name":"handleSearchChange","decl":{"start":{"line":54,"column":29},"end":{"line":56,"column":4}},"loc":{"start":{"line":54,"column":29},"end":{"line":56,"column":4}},"line":54},"3":{"name":"handleSortChange","decl":{"start":{"line":58,"column":27},"end":{"line":60,"column":4}},"loc":{"start":{"line":58,"column":27},"end":{"line":60,"column":4}},"line":58}},"f":{"0":9,"1":1,"2":1,"3":2}}
,"C:\\Users\\Narek\\Desktop\\Skillex\\src\\main.jsx": {"path":"C:\\Users\\Narek\\Desktop\\Skillex\\src\\main.jsx","all":true,"statementMap":{"0":{"start":{"line":1,"column":0},"end":{"line":1,"column":42}},"1":{"start":{"line":2,"column":0},"end":{"line":2,"column":46}},"2":{"start":{"line":3,"column":0},"end":{"line":3,"column":28}},"4":{"start":{"line":5,"column":0},"end":{"line":5,"column":21}},"6":{"start":{"line":7,"column":0},"end":{"line":7,"column":51}},"7":{"start":{"line":8,"column":0},"end":{"line":8,"column":14}},"8":{"start":{"line":9,"column":0},"end":{"line":9,"column":11}},"9":{"start":{"line":10,"column":0},"end":{"line":10,"column":15}},"10":{"start":{"line":11,"column":0},"end":{"line":11,"column":2}}},"s":{"0":0,"1":0,"2":0,"4":0,"6":0,"7":0,"8":0,"9":0,"10":0},"branchMap":{"0":{"type":"branch","line":1,"loc":{"start":{"line":1,"column":222},"end":{"line":11,"column":-158}},"locations":[{"start":{"line":1,"column":222},"end":{"line":11,"column":-158}}]}},"b":{"0":[0]},"fnMap":{"0":{"name":"(empty-report)","decl":{"start":{"line":1,"column":222},"end":{"line":11,"column":-158}},"loc":{"start":{"line":1,"column":222},"end":{"line":11,"column":-158}},"line":1}},"f":{"0":0}}
,"C:\\Users\\Narek\\Desktop\\Skillex\\src\\components\\BrandFilter\\BrandFilter.jsx": {"path":"C:\\Users\\Narek\\Desktop\\Skillex\\src\\components\\BrandFilter\\BrandFilter.jsx","all":false,"statementMap":{"0":{"start":{"line":1,"column":0},"end":{"line":1,"column":26}},"2":{"start":{"line":3,"column":0},"end":{"line":3,"column":65}},"3":{"start":{"line":4,"column":0},"end":{"line":4,"column":10}},"4":{"start":{"line":5,"column":0},"end":{"line":5,"column":9}},"5":{"start":{"line":6,"column":0},"end":{"line":6,"column":51}},"6":{"start":{"line":7,"column":0},"end":{"line":7,"column":33}},"7":{"start":{"line":8,"column":0},"end":{"line":8,"column":32}},"8":{"start":{"line":9,"column":0},"end":{"line":9,"column":57}},"9":{"start":{"line":10,"column":0},"end":{"line":10,"column":18}},"10":{"start":{"line":11,"column":0},"end":{"line":11,"column":29}},"11":{"start":{"line":12,"column":0},"end":{"line":12,"column":24}},"12":{"start":{"line":13,"column":0},"end":{"line":13,"column":26}},"13":{"start":{"line":14,"column":0},"end":{"line":14,"column":27}},"14":{"start":{"line":15,"column":0},"end":{"line":15,"column":54}},"15":{"start":{"line":16,"column":0},"end":{"line":16,"column":60}},"16":{"start":{"line":17,"column":0},"end":{"line":17,"column":95}},"17":{"start":{"line":18,"column":0},"end":{"line":18,"column":14}},"18":{"start":{"line":19,"column":0},"end":{"line":19,"column":74}},"19":{"start":{"line":20,"column":0},"end":{"line":20,"column":21}},"20":{"start":{"line":21,"column":0},"end":{"line":21,"column":20}},"21":{"start":{"line":22,"column":0},"end":{"line":22,"column":16}},"22":{"start":{"line":23,"column":0},"end":{"line":23,"column":11}},"23":{"start":{"line":24,"column":0},"end":{"line":24,"column":12}},"24":{"start":{"line":25,"column":0},"end":{"line":25,"column":10}},"26":{"start":{"line":27,"column":0},"end":{"line":27,"column":1}},"28":{"start":{"line":29,"column":0},"end":{"line":29,"column":27}}},"s":{"0":1,"2":8,"3":8,"4":8,"5":8,"6":8,"7":8,"8":38,"9":38,"10":38,"11":38,"12":38,"13":38,"14":38,"15":38,"16":38,"17":38,"18":38,"19":38,"20":38,"21":38,"22":8,"23":8,"24":8,"26":8,"28":1},"branchMap":{"0":{"type":"branch","line":3,"loc":{"start":{"line":3,"column":0},"end":{"line":27,"column":1}},"locations":[{"start":{"line":3,"column":0},"end":{"line":27,"column":1}}]},"1":{"type":"branch","line":8,"loc":{"start":{"line":8,"column":20},"end":{"line":22,"column":16}},"locations":[{"start":{"line":8,"column":20},"end":{"line":22,"column":16}}]},"2":{"type":"branch","line":16,"loc":{"start":{"line":16,"column":24},"end":{"line":16,"column":60}},"locations":[{"start":{"line":16,"column":24},"end":{"line":16,"column":60}}]}},"b":{"0":[8],"1":[38],"2":[1]},"fnMap":{"0":{"name":"BrandFilter","decl":{"start":{"line":3,"column":0},"end":{"line":27,"column":1}},"loc":{"start":{"line":3,"column":0},"end":{"line":27,"column":1}},"line":3},"1":{"name":"onChange","decl":{"start":{"line":16,"column":24},"end":{"line":16,"column":60}},"loc":{"start":{"line":16,"column":24},"end":{"line":16,"column":60}},"line":16}},"f":{"0":8,"1":1}}
,"C:\\Users\\Narek\\Desktop\\Skillex\\src\\components\\CategoryFilter\\CategoryFilter.jsx": {"path":"C:\\Users\\Narek\\Desktop\\Skillex\\src\\components\\CategoryFilter\\CategoryFilter.jsx","all":false,"statementMap":{"0":{"start":{"line":1,"column":0},"end":{"line":1,"column":26}},"2":{"start":{"line":3,"column":0},"end":{"line":3,"column":79}},"3":{"start":{"line":4,"column":0},"end":{"line":4,"column":10}},"4":{"start":{"line":5,"column":0},"end":{"line":5,"column":9}},"5":{"start":{"line":6,"column":0},"end":{"line":6,"column":54}},"6":{"start":{"line":7,"column":0},"end":{"line":7,"column":33}},"7":{"start":{"line":8,"column":0},"end":{"line":8,"column":39}},"8":{"start":{"line":9,"column":0},"end":{"line":9,"column":60}},"9":{"start":{"line":10,"column":0},"end":{"line":10,"column":18}},"10":{"start":{"line":11,"column":0},"end":{"line":11,"column":29}},"11":{"start":{"line":12,"column":0},"end":{"line":12,"column":27}},"12":{"start":{"line":13,"column":0},"end":{"line":13,"column":29}},"13":{"start":{"line":14,"column":0},"end":{"line":14,"column":30}},"14":{"start":{"line":15,"column":0},"end":{"line":15,"column":61}},"15":{"start":{"line":16,"column":0},"end":{"line":16,"column":69}},"16":{"start":{"line":17,"column":0},"end":{"line":17,"column":95}},"17":{"start":{"line":18,"column":0},"end":{"line":18,"column":14}},"18":{"start":{"line":19,"column":0},"end":{"line":19,"column":77}},"19":{"start":{"line":20,"column":0},"end":{"line":20,"column":24}},"20":{"start":{"line":21,"column":0},"end":{"line":21,"column":20}},"21":{"start":{"line":22,"column":0},"end":{"line":22,"column":16}},"22":{"start":{"line":23,"column":0},"end":{"line":23,"column":11}},"23":{"start":{"line":24,"column":0},"end":{"line":24,"column":12}},"24":{"start":{"line":25,"column":0},"end":{"line":25,"column":10}},"26":{"start":{"line":27,"column":0},"end":{"line":27,"column":1}},"28":{"start":{"line":29,"column":0},"end":{"line":29,"column":30}}},"s":{"0":1,"2":8,"3":8,"4":8,"5":8,"6":8,"7":8,"8":24,"9":24,"10":24,"11":24,"12":24,"13":24,"14":24,"15":24,"16":24,"17":24,"18":24,"19":24,"20":24,"21":24,"22":8,"23":8,"24":8,"26":8,"28":1},"branchMap":{"0":{"type":"branch","line":3,"loc":{"start":{"line":3,"column":0},"end":{"line":27,"column":1}},"locations":[{"start":{"line":3,"column":0},"end":{"line":27,"column":1}}]},"1":{"type":"branch","line":8,"loc":{"start":{"line":8,"column":24},"end":{"line":22,"column":16}},"locations":[{"start":{"line":8,"column":24},"end":{"line":22,"column":16}}]},"2":{"type":"branch","line":16,"loc":{"start":{"line":16,"column":24},"end":{"line":16,"column":69}},"locations":[{"start":{"line":16,"column":24},"end":{"line":16,"column":69}}]}},"b":{"0":[8],"1":[24],"2":[2]},"fnMap":{"0":{"name":"CategoryFilter","decl":{"start":{"line":3,"column":0},"end":{"line":27,"column":1}},"loc":{"start":{"line":3,"column":0},"end":{"line":27,"column":1}},"line":3},"1":{"name":"onChange","decl":{"start":{"line":16,"column":24},"end":{"line":16,"column":69}},"loc":{"start":{"line":16,"column":24},"end":{"line":16,"column":69}},"line":16}},"f":{"0":8,"1":2}}
,"C:\\Users\\Narek\\Desktop\\Skillex\\src\\components\\FilterSidebar\\FilterSidebar.jsx": {"path":"C:\\Users\\Narek\\Desktop\\Skillex\\src\\components\\FilterSidebar\\FilterSidebar.jsx","all":false,"statementMap":{"0":{"start":{"line":1,"column":0},"end":{"line":1,"column":26}},"1":{"start":{"line":2,"column":0},"end":{"line":2,"column":62}},"2":{"start":{"line":3,"column":0},"end":{"line":3,"column":53}},"3":{"start":{"line":4,"column":0},"end":{"line":4,"column":68}},"4":{"start":{"line":5,"column":0},"end":{"line":5,"column":56}},"6":{"start":{"line":7,"column":0},"end":{"line":7,"column":68}},"7":{"start":{"line":8,"column":0},"end":{"line":8,"column":10}},"8":{"start":{"line":9,"column":0},"end":{"line":9,"column":68}},"9":{"start":{"line":10,"column":0},"end":{"line":10,"column":57}},"10":{"start":{"line":11,"column":0},"end":{"line":11,"column":33}},"11":{"start":{"line":12,"column":0},"end":{"line":12,"column":23}},"12":{"start":{"line":13,"column":0},"end":{"line":13,"column":47}},"13":{"start":{"line":14,"column":0},"end":{"line":14,"column":47}},"14":{"start":{"line":15,"column":0},"end":{"line":15,"column":43}},"15":{"start":{"line":16,"column":0},"end":{"line":16,"column":10}},"16":{"start":{"line":17,"column":0},"end":{"line":17,"column":20}},"17":{"start":{"line":18,"column":0},"end":{"line":18,"column":39}},"18":{"start":{"line":19,"column":0},"end":{"line":19,"column":40}},"19":{"start":{"line":20,"column":0},"end":{"line":20,"column":40}},"20":{"start":{"line":21,"column":0},"end":{"line":21,"column":10}},"21":{"start":{"line":22,"column":0},"end":{"line":22,"column":25}},"22":{"start":{"line":23,"column":0},"end":{"line":23,"column":43}},"23":{"start":{"line":24,"column":0},"end":{"line":24,"column":43}},"24":{"start":{"line":25,"column":0},"end":{"line":25,"column":36}},"25":{"start":{"line":26,"column":0},"end":{"line":26,"column":40}},"26":{"start":{"line":27,"column":0},"end":{"line":27,"column":10}},"27":{"start":{"line":28,"column":0},"end":{"line":28,"column":21}},"28":{"start":{"line":29,"column":0},"end":{"line":29,"column":40}},"29":{"start":{"line":30,"column":0},"end":{"line":30,"column":41}},"30":{"start":{"line":31,"column":0},"end":{"line":31,"column":10}},"31":{"start":{"line":32,"column":0},"end":{"line":32,"column":12}},"32":{"start":{"line":33,"column":0},"end":{"line":33,"column":12}},"34":{"start":{"line":35,"column":0},"end":{"line":35,"column":1}},"36":{"start":{"line":37,"column":0},"end":{"line":37,"column":29}}},"s":{"0":1,"1":1,"2":1,"3":1,"4":1,"6":8,"7":8,"8":8,"9":8,"10":8,"11":8,"12":8,"13":8,"14":8,"15":8,"16":8,"17":8,"18":8,"19":8,"20":8,"21":8,"22":8,"23":8,"24":8,"25":8,"26":8,"27":8,"28":8,"29":8,"30":8,"31":8,"32":8,"34":8,"36":1},"branchMap":{"0":{"type":"branch","line":7,"loc":{"start":{"line":7,"column":0},"end":{"line":35,"column":1}},"locations":[{"start":{"line":7,"column":0},"end":{"line":35,"column":1}}]}},"b":{"0":[8]},"fnMap":{"0":{"name":"FilterSidebar","decl":{"start":{"line":7,"column":0},"end":{"line":35,"column":1}},"loc":{"start":{"line":7,"column":0},"end":{"line":35,"column":1}},"line":7}},"f":{"0":8}}
,"C:\\Users\\Narek\\Desktop\\Skillex\\src\\components\\Icons\\index.js": {"path":"C:\\Users\\Narek\\Desktop\\Skillex\\src\\components\\Icons\\index.js","all":false,"statementMap":{"0":{"start":{"line":1,"column":0},"end":{"line":1,"column":68}},"1":{"start":{"line":2,"column":0},"end":{"line":2,"column":72}}},"s":{"0":1,"1":1},"branchMap":{},"b":{},"fnMap":{},"f":{}}
,"C:\\Users\\Narek\\Desktop\\Skillex\\src\\components\\Icons\\SearchIcon\\index.jsx": {"path":"C:\\Users\\Narek\\Desktop\\Skillex\\src\\components\\Icons\\SearchIcon\\index.jsx","all":false,"statementMap":{"0":{"start":{"line":1,"column":0},"end":{"line":1,"column":26}},"2":{"start":{"line":3,"column":0},"end":{"line":3,"column":36}},"3":{"start":{"line":4,"column":0},"end":{"line":4,"column":10}},"4":{"start":{"line":5,"column":0},"end":{"line":5,"column":8}},"5":{"start":{"line":6,"column":0},"end":{"line":6,"column":40}},"6":{"start":{"line":7,"column":0},"end":{"line":7,"column":27}},"7":{"start":{"line":8,"column":0},"end":{"line":8,"column":17}},"8":{"start":{"line":9,"column":0},"end":{"line":9,"column":25}},"9":{"start":{"line":10,"column":0},"end":{"line":10,"column":27}},"10":{"start":{"line":11,"column":0},"end":{"line":11,"column":21}},"12":{"start":{"line":13,"column":0},"end":{"line":13,"column":11}},"13":{"start":{"line":14,"column":0},"end":{"line":14,"column":29}},"14":{"start":{"line":15,"column":0},"end":{"line":15,"column":30}},"15":{"start":{"line":16,"column":0},"end":{"line":16,"column":55}},"16":{"start":{"line":17,"column":0},"end":{"line":17,"column":8}},"17":{"start":{"line":18,"column":0},"end":{"line":18,"column":10}},"19":{"start":{"line":20,"column":0},"end":{"line":20,"column":1}}},"s":{"0":1,"2":8,"3":8,"4":8,"5":8,"6":8,"7":8,"8":8,"9":8,"10":8,"12":8,"13":8,"14":8,"15":8,"16":8,"17":8,"19":8},"branchMap":{"0":{"type":"branch","line":3,"loc":{"start":{"line":3,"column":0},"end":{"line":20,"column":1}},"locations":[{"start":{"line":3,"column":0},"end":{"line":20,"column":1}}]}},"b":{"0":[8]},"fnMap":{"0":{"name":"SearchIcon","decl":{"start":{"line":3,"column":0},"end":{"line":20,"column":1}},"loc":{"start":{"line":3,"column":0},"end":{"line":20,"column":1}},"line":3}},"f":{"0":8}}
,"C:\\Users\\Narek\\Desktop\\Skillex\\src\\components\\Icons\\StarIcon\\index.jsx": {"path":"C:\\Users\\Narek\\Desktop\\Skillex\\src\\components\\Icons\\StarIcon\\index.jsx","all":false,"statementMap":{"0":{"start":{"line":1,"column":0},"end":{"line":1,"column":26}},"2":{"start":{"line":3,"column":0},"end":{"line":3,"column":34}},"3":{"start":{"line":4,"column":0},"end":{"line":4,"column":10}},"4":{"start":{"line":5,"column":0},"end":{"line":5,"column":8}},"5":{"start":{"line":6,"column":0},"end":{"line":6,"column":27}},"6":{"start":{"line":7,"column":0},"end":{"line":7,"column":40}},"7":{"start":{"line":8,"column":0},"end":{"line":8,"column":25}},"8":{"start":{"line":9,"column":0},"end":{"line":9,"column":25}},"9":{"start":{"line":10,"column":0},"end":{"line":10,"column":16}},"10":{"start":{"line":11,"column":0},"end":{"line":11,"column":17}},"12":{"start":{"line":13,"column":0},"end":{"line":13,"column":11}},"13":{"start":{"line":14,"column":0},"end":{"line":14,"column":26}},"14":{"start":{"line":15,"column":0},"end":{"line":15,"column":401}},"15":{"start":{"line":16,"column":0},"end":{"line":16,"column":26}},"16":{"start":{"line":17,"column":0},"end":{"line":17,"column":8}},"17":{"start":{"line":18,"column":0},"end":{"line":18,"column":10}},"19":{"start":{"line":20,"column":0},"end":{"line":20,"column":1}}},"s":{"0":1,"2":200,"3":200,"4":200,"5":200,"6":200,"7":200,"8":200,"9":200,"10":200,"12":200,"13":200,"14":200,"15":200,"16":200,"17":200,"19":200},"branchMap":{"0":{"type":"branch","line":3,"loc":{"start":{"line":3,"column":0},"end":{"line":20,"column":1}},"locations":[{"start":{"line":3,"column":0},"end":{"line":20,"column":1}}]}},"b":{"0":[200]},"fnMap":{"0":{"name":"StarIcon","decl":{"start":{"line":3,"column":0},"end":{"line":20,"column":1}},"loc":{"start":{"line":3,"column":0},"end":{"line":20,"column":1}},"line":3}},"f":{"0":200}}
,"C:\\Users\\Narek\\Desktop\\Skillex\\src\\components\\PriceRangeFilter\\PriceRangeFilter.jsx": {"path":"C:\\Users\\Narek\\Desktop\\Skillex\\src\\components\\PriceRangeFilter\\PriceRangeFilter.jsx","all":false,"statementMap":{"0":{"start":{"line":1,"column":0},"end":{"line":1,"column":26}},"1":{"start":{"line":2,"column":0},"end":{"line":2,"column":31}},"2":{"start":{"line":3,"column":0},"end":{"line":3,"column":36}},"4":{"start":{"line":5,"column":0},"end":{"line":5,"column":63}},"5":{"start":{"line":6,"column":0},"end":{"line":6,"column":10}},"6":{"start":{"line":7,"column":0},"end":{"line":7,"column":9}},"7":{"start":{"line":8,"column":0},"end":{"line":8,"column":57}},"8":{"start":{"line":9,"column":0},"end":{"line":9,"column":27}},"9":{"start":{"line":10,"column":0},"end":{"line":10,"column":15}},"10":{"start":{"line":11,"column":0},"end":{"line":11,"column":15}},"11":{"start":{"line":12,"column":0},"end":{"line":12,"column":19}},"12":{"start":{"line":13,"column":0},"end":{"line":13,"column":19}},"13":{"start":{"line":14,"column":0},"end":{"line":14,"column":23}},"14":{"start":{"line":15,"column":0},"end":{"line":15,"column":72}},"15":{"start":{"line":16,"column":0},"end":{"line":16,"column":19}},"16":{"start":{"line":17,"column":0},"end":{"line":17,"column":50}},"17":{"start":{"line":18,"column":0},"end":{"line":18,"column":21}},"18":{"start":{"line":19,"column":0},"end":{"line":19,"column":37}},"19":{"start":{"line":20,"column":0},"end":{"line":20,"column":39}},"20":{"start":{"line":21,"column":0},"end":{"line":21,"column":25}},"21":{"start":{"line":22,"column":0},"end":{"line":22,"column":14}},"22":{"start":{"line":23,"column":0},"end":{"line":23,"column":12}},"23":{"start":{"line":24,"column":0},"end":{"line":24,"column":10}},"24":{"start":{"line":25,"column":0},"end":{"line":25,"column":12}},"25":{"start":{"line":26,"column":0},"end":{"line":26,"column":71}},"26":{"start":{"line":27,"column":0},"end":{"line":27,"column":32}},"27":{"start":{"line":28,"column":0},"end":{"line":28,"column":32}},"28":{"start":{"line":29,"column":0},"end":{"line":29,"column":12}},"29":{"start":{"line":30,"column":0},"end":{"line":30,"column":10}},"31":{"start":{"line":32,"column":0},"end":{"line":32,"column":1}},"33":{"start":{"line":34,"column":0},"end":{"line":34,"column":32}}},"s":{"0":1,"1":1,"2":1,"4":8,"5":8,"6":8,"7":8,"8":8,"9":8,"10":8,"11":8,"12":8,"13":8,"14":8,"15":8,"16":8,"17":8,"18":8,"19":8,"20":8,"21":8,"22":8,"23":8,"24":8,"25":8,"26":8,"27":8,"28":8,"29":8,"31":8,"33":1},"branchMap":{"0":{"type":"branch","line":5,"loc":{"start":{"line":5,"column":0},"end":{"line":32,"column":1}},"locations":[{"start":{"line":5,"column":0},"end":{"line":32,"column":1}}]},"1":{"type":"branch","line":15,"loc":{"start":{"line":15,"column":20},"end":{"line":15,"column":72}},"locations":[{"start":{"line":15,"column":20},"end":{"line":15,"column":72}}]}},"b":{"0":[8],"1":[1]},"fnMap":{"0":{"name":"PriceRangeFilter","decl":{"start":{"line":5,"column":0},"end":{"line":32,"column":1}},"loc":{"start":{"line":5,"column":0},"end":{"line":32,"column":1}},"line":5},"1":{"name":"onChange","decl":{"start":{"line":15,"column":20},"end":{"line":15,"column":72}},"loc":{"start":{"line":15,"column":20},"end":{"line":15,"column":72}},"line":15}},"f":{"0":8,"1":1}}
,"C:\\Users\\Narek\\Desktop\\Skillex\\src\\components\\ProductCard\\ProductCard.jsx": {"path":"C:\\Users\\Narek\\Desktop\\Skillex\\src\\components\\ProductCard\\ProductCard.jsx","all":false,"statementMap":{"0":{"start":{"line":1,"column":0},"end":{"line":1,"column":40}},"1":{"start":{"line":2,"column":0},"end":{"line":2,"column":39}},"2":{"start":{"line":3,"column":0},"end":{"line":3,"column":36}},"4":{"start":{"line":5,"column":0},"end":{"line":5,"column":35}},"5":{"start":{"line":6,"column":0},"end":{"line":6,"column":56}},"7":{"start":{"line":8,"column":0},"end":{"line":8,"column":10}},"8":{"start":{"line":9,"column":0},"end":{"line":9,"column":81}},"9":{"start":{"line":10,"column":0},"end":{"line":10,"column":32}},"10":{"start":{"line":11,"column":0},"end":{"line":11,"column":12}},"11":{"start":{"line":12,"column":0},"end":{"line":12,"column":77}},"12":{"start":{"line":13,"column":0},"end":{"line":13,"column":38}},"13":{"start":{"line":14,"column":0},"end":{"line":14,"column":13}},"14":{"start":{"line":15,"column":0},"end":{"line":15,"column":45}},"15":{"start":{"line":16,"column":0},"end":{"line":16,"column":32}},"16":{"start":{"line":17,"column":0},"end":{"line":17,"column":28}},"17":{"start":{"line":18,"column":0},"end":{"line":18,"column":10}},"18":{"start":{"line":19,"column":0},"end":{"line":19,"column":26}},"19":{"start":{"line":20,"column":0},"end":{"line":20,"column":105}},"21":{"start":{"line":22,"column":0},"end":{"line":22,"column":12}},"22":{"start":{"line":23,"column":0},"end":{"line":23,"column":33}},"23":{"start":{"line":24,"column":0},"end":{"line":24,"column":69}},"24":{"start":{"line":25,"column":0},"end":{"line":25,"column":81}},"25":{"start":{"line":26,"column":0},"end":{"line":26,"column":24}},"26":{"start":{"line":27,"column":0},"end":{"line":27,"column":13}},"27":{"start":{"line":28,"column":0},"end":{"line":28,"column":12}},"28":{"start":{"line":29,"column":0},"end":{"line":29,"column":61}},"29":{"start":{"line":30,"column":0},"end":{"line":30,"column":46}},"30":{"start":{"line":31,"column":0},"end":{"line":31,"column":53}},"31":{"start":{"line":32,"column":0},"end":{"line":32,"column":37}},"32":{"start":{"line":33,"column":0},"end":{"line":33,"column":15}},"33":{"start":{"line":34,"column":0},"end":{"line":34,"column":12}},"34":{"start":{"line":35,"column":0},"end":{"line":35,"column":57}},"35":{"start":{"line":36,"column":0},"end":{"line":36,"column":35}},"36":{"start":{"line":37,"column":0},"end":{"line":37,"column":10}},"37":{"start":{"line":38,"column":0},"end":{"line":38,"column":10}},"39":{"start":{"line":40,"column":0},"end":{"line":40,"column":1}},"41":{"start":{"line":42,"column":0},"end":{"line":42,"column":27}}},"s":{"0":1,"1":1,"2":1,"4":32,"5":32,"7":32,"8":32,"9":32,"10":32,"11":32,"12":32,"13":32,"14":32,"15":32,"16":32,"17":32,"18":32,"19":32,"21":32,"22":32,"23":32,"24":32,"25":32,"26":32,"27":32,"28":32,"29":32,"30":32,"31":32,"32":32,"33":32,"34":32,"35":32,"36":32,"37":32,"39":32,"41":1},"branchMap":{"0":{"type":"branch","line":5,"loc":{"start":{"line":5,"column":0},"end":{"line":40,"column":1}},"locations":[{"start":{"line":5,"column":0},"end":{"line":40,"column":1}}]}},"b":{"0":[32]},"fnMap":{"0":{"name":"ProductCard","decl":{"start":{"line":5,"column":0},"end":{"line":40,"column":1}},"loc":{"start":{"line":5,"column":0},"end":{"line":40,"column":1}},"line":5},"1":{"name":"onLoad","decl":{"start":{"line":15,"column":18},"end":{"line":15,"column":45}},"loc":{"start":{"line":15,"column":18},"end":{"line":15,"column":45}},"line":15}},"f":{"0":32,"1":0}}
,"C:\\Users\\Narek\\Desktop\\Skillex\\src\\components\\ProductList\\ProductList.jsx": {"path":"C:\\Users\\Narek\\Desktop\\Skillex\\src\\components\\ProductList\\ProductList.jsx","all":false,"statementMap":{"0":{"start":{"line":1,"column":0},"end":{"line":1,"column":26}},"1":{"start":{"line":2,"column":0},"end":{"line":2,"column":53}},"3":{"start":{"line":4,"column":0},"end":{"line":4,"column":47}},"4":{"start":{"line":5,"column":0},"end":{"line":5,"column":18}},"5":{"start":{"line":6,"column":0},"end":{"line":6,"column":62}},"6":{"start":{"line":7,"column":0},"end":{"line":7,"column":3}},"8":{"start":{"line":9,"column":0},"end":{"line":9,"column":30}},"9":{"start":{"line":10,"column":0},"end":{"line":10,"column":70}},"10":{"start":{"line":11,"column":0},"end":{"line":11,"column":3}},"12":{"start":{"line":13,"column":0},"end":{"line":13,"column":10}},"13":{"start":{"line":14,"column":0},"end":{"line":14,"column":74}},"14":{"start":{"line":15,"column":0},"end":{"line":15,"column":34}},"15":{"start":{"line":16,"column":0},"end":{"line":16,"column":58}},"16":{"start":{"line":17,"column":0},"end":{"line":17,"column":9}},"17":{"start":{"line":18,"column":0},"end":{"line":18,"column":10}},"19":{"start":{"line":20,"column":0},"end":{"line":20,"column":1}},"21":{"start":{"line":22,"column":0},"end":{"line":22,"column":27}}},"s":{"0":1,"1":1,"3":10,"4":10,"5":1,"6":1,"8":10,"9":1,"10":1,"12":8,"13":8,"14":8,"15":33,"16":8,"17":8,"19":8,"21":1},"branchMap":{"0":{"type":"branch","line":4,"loc":{"start":{"line":4,"column":0},"end":{"line":20,"column":1}},"locations":[{"start":{"line":4,"column":0},"end":{"line":20,"column":1}}]},"1":{"type":"branch","line":5,"loc":{"start":{"line":5,"column":17},"end":{"line":7,"column":3}},"locations":[{"start":{"line":5,"column":17},"end":{"line":7,"column":3}}]},"2":{"type":"branch","line":7,"loc":{"start":{"line":7,"column":2},"end":{"line":9,"column":29}},"locations":[{"start":{"line":7,"column":2},"end":{"line":9,"column":29}}]},"3":{"type":"branch","line":9,"loc":{"start":{"line":9,"column":29},"end":{"line":20,"column":1}},"locations":[{"start":{"line":9,"column":29},"end":{"line":20,"column":1}}]},"4":{"type":"branch","line":9,"loc":{"start":{"line":9,"column":29},"end":{"line":11,"column":3}},"locations":[{"start":{"line":9,"column":29},"end":{"line":11,"column":3}}]},"5":{"type":"branch","line":15,"loc":{"start":{"line":15,"column":20},"end":{"line":16,"column":58}},"locations":[{"start":{"line":15,"column":20},"end":{"line":16,"column":58}}]}},"b":{"0":[10],"1":[1],"2":[9],"3":[8],"4":[1],"5":[33]},"fnMap":{"0":{"name":"ProductList","decl":{"start":{"line":4,"column":0},"end":{"line":20,"column":1}},"loc":{"start":{"line":4,"column":0},"end":{"line":20,"column":1}},"line":4}},"f":{"0":10}}
,"C:\\Users\\Narek\\Desktop\\Skillex\\src\\components\\RatingFilter\\RatingFilter.jsx": {"path":"C:\\Users\\Narek\\Desktop\\Skillex\\src\\components\\RatingFilter\\RatingFilter.jsx","all":false,"statementMap":{"0":{"start":{"line":1,"column":0},"end":{"line":1,"column":26}},"1":{"start":{"line":2,"column":0},"end":{"line":2,"column":36}},"3":{"start":{"line":4,"column":0},"end":{"line":4,"column":58}},"4":{"start":{"line":5,"column":0},"end":{"line":5,"column":32}},"6":{"start":{"line":7,"column":0},"end":{"line":7,"column":10}},"7":{"start":{"line":8,"column":0},"end":{"line":8,"column":9}},"8":{"start":{"line":9,"column":0},"end":{"line":9,"column":52}},"9":{"start":{"line":10,"column":0},"end":{"line":10,"column":38}},"10":{"start":{"line":11,"column":0},"end":{"line":11,"column":35}},"11":{"start":{"line":12,"column":0},"end":{"line":12,"column":17}},"12":{"start":{"line":13,"column":0},"end":{"line":13,"column":27}},"13":{"start":{"line":14,"column":0},"end":{"line":14,"column":63}},"14":{"start":{"line":15,"column":0},"end":{"line":15,"column":58}},"15":{"start":{"line":16,"column":0},"end":{"line":16,"column":68}},"17":{"start":{"line":18,"column":0},"end":{"line":18,"column":21}},"18":{"start":{"line":19,"column":0},"end":{"line":19,"column":25}},"19":{"start":{"line":20,"column":0},"end":{"line":20,"column":42}},"20":{"start":{"line":21,"column":0},"end":{"line":21,"column":37}},"21":{"start":{"line":22,"column":0},"end":{"line":22,"column":57}},"23":{"start":{"line":24,"column":0},"end":{"line":24,"column":14}},"24":{"start":{"line":25,"column":0},"end":{"line":25,"column":19}},"25":{"start":{"line":26,"column":0},"end":{"line":26,"column":11}},"26":{"start":{"line":27,"column":0},"end":{"line":27,"column":12}},"27":{"start":{"line":28,"column":0},"end":{"line":28,"column":10}},"29":{"start":{"line":30,"column":0},"end":{"line":30,"column":1}},"31":{"start":{"line":32,"column":0},"end":{"line":32,"column":28}}},"s":{"0":1,"1":1,"3":8,"4":8,"6":8,"7":8,"8":8,"9":8,"10":8,"11":40,"12":40,"13":40,"14":40,"15":40,"17":40,"18":40,"19":40,"20":3,"21":37,"23":40,"24":40,"25":8,"26":8,"27":8,"29":8,"31":1},"branchMap":{"0":{"type":"branch","line":4,"loc":{"start":{"line":4,"column":0},"end":{"line":30,"column":1}},"locations":[{"start":{"line":4,"column":0},"end":{"line":30,"column":1}}]},"1":{"type":"branch","line":11,"loc":{"start":{"line":11,"column":19},"end":{"line":25,"column":19}},"locations":[{"start":{"line":11,"column":19},"end":{"line":25,"column":19}}]},"2":{"type":"branch","line":20,"loc":{"start":{"line":20,"column":29},"end":{"line":21,"column":37}},"locations":[{"start":{"line":20,"column":29},"end":{"line":21,"column":37}}]},"3":{"type":"branch","line":21,"loc":{"start":{"line":21,"column":20},"end":{"line":22,"column":57}},"locations":[{"start":{"line":21,"column":20},"end":{"line":22,"column":57}}]},"4":{"type":"branch","line":14,"loc":{"start":{"line":14,"column":21},"end":{"line":14,"column":63}},"locations":[{"start":{"line":14,"column":21},"end":{"line":14,"column":63}}]}},"b":{"0":[8],"1":[40],"2":[3],"3":[37],"4":[1]},"fnMap":{"0":{"name":"RatingFilter","decl":{"start":{"line":4,"column":0},"end":{"line":30,"column":1}},"loc":{"start":{"line":4,"column":0},"end":{"line":30,"column":1}},"line":4},"1":{"name":"onClick","decl":{"start":{"line":14,"column":21},"end":{"line":14,"column":63}},"loc":{"start":{"line":14,"column":21},"end":{"line":14,"column":63}},"line":14}},"f":{"0":8,"1":1}}
,"C:\\Users\\Narek\\Desktop\\Skillex\\src\\components\\SearchFilter\\SearchFilter.jsx": {"path":"C:\\Users\\Narek\\Desktop\\Skillex\\src\\components\\SearchFilter\\SearchFilter.jsx","all":false,"statementMap":{"0":{"start":{"line":1,"column":0},"end":{"line":1,"column":26}},"1":{"start":{"line":2,"column":0},"end":{"line":2,"column":38}},"3":{"start":{"line":4,"column":0},"end":{"line":4,"column":55}},"4":{"start":{"line":5,"column":0},"end":{"line":5,"column":10}},"5":{"start":{"line":6,"column":0},"end":{"line":6,"column":37}},"6":{"start":{"line":7,"column":0},"end":{"line":7,"column":92}},"7":{"start":{"line":8,"column":0},"end":{"line":8,"column":56}},"8":{"start":{"line":9,"column":0},"end":{"line":9,"column":12}},"9":{"start":{"line":10,"column":0},"end":{"line":10,"column":12}},"10":{"start":{"line":11,"column":0},"end":{"line":11,"column":132}},"11":{"start":{"line":12,"column":0},"end":{"line":12,"column":44}},"12":{"start":{"line":13,"column":0},"end":{"line":13,"column":33}},"13":{"start":{"line":14,"column":0},"end":{"line":14,"column":26}},"14":{"start":{"line":15,"column":0},"end":{"line":15,"column":19}},"15":{"start":{"line":16,"column":0},"end":{"line":16,"column":8}},"16":{"start":{"line":17,"column":0},"end":{"line":17,"column":10}},"18":{"start":{"line":19,"column":0},"end":{"line":19,"column":1}},"20":{"start":{"line":21,"column":0},"end":{"line":21,"column":28}}},"s":{"0":1,"1":1,"3":8,"4":8,"5":8,"6":8,"7":8,"8":8,"9":8,"10":8,"11":8,"12":8,"13":8,"14":8,"15":8,"16":8,"18":8,"20":1},"branchMap":{"0":{"type":"branch","line":4,"loc":{"start":{"line":4,"column":0},"end":{"line":19,"column":1}},"locations":[{"start":{"line":4,"column":0},"end":{"line":19,"column":1}}]}},"b":{"0":[8]},"fnMap":{"0":{"name":"SearchFilter","decl":{"start":{"line":4,"column":0},"end":{"line":19,"column":1}},"loc":{"start":{"line":4,"column":0},"end":{"line":19,"column":1}},"line":4}},"f":{"0":8}}
,"C:\\Users\\Narek\\Desktop\\Skillex\\src\\components\\SortFilter\\SortFilter.jsx": {"path":"C:\\Users\\Narek\\Desktop\\Skillex\\src\\components\\SortFilter\\SortFilter.jsx","all":false,"statementMap":{"0":{"start":{"line":1,"column":0},"end":{"line":1,"column":26}},"1":{"start":{"line":2,"column":0},"end":{"line":2,"column":37}},"3":{"start":{"line":4,"column":0},"end":{"line":4,"column":21}},"4":{"start":{"line":5,"column":0},"end":{"line":5,"column":39}},"5":{"start":{"line":6,"column":0},"end":{"line":6,"column":47}},"6":{"start":{"line":7,"column":0},"end":{"line":7,"column":59}},"7":{"start":{"line":8,"column":0},"end":{"line":8,"column":59}},"8":{"start":{"line":9,"column":0},"end":{"line":9,"column":2}},"10":{"start":{"line":11,"column":0},"end":{"line":11,"column":51}},"11":{"start":{"line":12,"column":0},"end":{"line":12,"column":35}},"12":{"start":{"line":13,"column":0},"end":{"line":13,"column":40}},"13":{"start":{"line":14,"column":0},"end":{"line":14,"column":4}},"15":{"start":{"line":16,"column":0},"end":{"line":16,"column":10}},"16":{"start":{"line":17,"column":0},"end":{"line":17,"column":13}},"17":{"start":{"line":18,"column":0},"end":{"line":18,"column":27}},"18":{"start":{"line":19,"column":0},"end":{"line":19,"column":32}},"19":{"start":{"line":20,"column":0},"end":{"line":20,"column":29}},"20":{"start":{"line":21,"column":0},"end":{"line":21,"column":6}},"22":{"start":{"line":23,"column":0},"end":{"line":23,"column":1}},"24":{"start":{"line":25,"column":0},"end":{"line":25,"column":26}}},"s":{"0":1,"1":1,"3":1,"4":1,"5":1,"6":1,"7":1,"8":1,"10":8,"11":8,"12":3,"13":3,"15":8,"16":8,"17":8,"18":8,"19":8,"20":8,"22":8,"24":1},"branchMap":{"0":{"type":"branch","line":11,"loc":{"start":{"line":11,"column":0},"end":{"line":23,"column":1}},"locations":[{"start":{"line":11,"column":0},"end":{"line":23,"column":1}}]},"1":{"type":"branch","line":12,"loc":{"start":{"line":12,"column":23},"end":{"line":14,"column":4}},"locations":[{"start":{"line":12,"column":23},"end":{"line":14,"column":4}}]}},"b":{"0":[8],"1":[3]},"fnMap":{"0":{"name":"SortFilter","decl":{"start":{"line":11,"column":0},"end":{"line":23,"column":1}},"loc":{"start":{"line":11,"column":0},"end":{"line":23,"column":1}},"line":11},"1":{"name":"handleSelect","decl":{"start":{"line":12,"column":23},"end":{"line":14,"column":4}},"loc":{"start":{"line":12,"column":23},"end":{"line":14,"column":4}},"line":12}},"f":{"0":8,"1":3}}
,"C:\\Users\\Narek\\Desktop\\Skillex\\src\\components\\shared\\index.js": {"path":"C:\\Users\\Narek\\Desktop\\Skillex\\src\\components\\shared\\index.js","all":false,"statementMap":{"0":{"start":{"line":1,"column":0},"end":{"line":1,"column":73}},"1":{"start":{"line":2,"column":0},"end":{"line":2,"column":69}}},"s":{"0":1,"1":1},"branchMap":{},"b":{},"fnMap":{},"f":{}}
,"C:\\Users\\Narek\\Desktop\\Skillex\\src\\components\\shared\\Dropdown\\index.jsx": {"path":"C:\\Users\\Narek\\Desktop\\Skillex\\src\\components\\shared\\Dropdown\\index.jsx","all":false,"statementMap":{"0":{"start":{"line":1,"column":0},"end":{"line":1,"column":59}},"2":{"start":{"line":3,"column":0},"end":{"line":3,"column":19}},"3":{"start":{"line":4,"column":0},"end":{"line":4,"column":10}},"4":{"start":{"line":5,"column":0},"end":{"line":5,"column":16}},"5":{"start":{"line":6,"column":0},"end":{"line":6,"column":11}},"6":{"start":{"line":7,"column":0},"end":{"line":7,"column":28}},"7":{"start":{"line":8,"column":0},"end":{"line":8,"column":4}},"8":{"start":{"line":9,"column":0},"end":{"line":9,"column":46}},"9":{"start":{"line":10,"column":0},"end":{"line":10,"column":36}},"11":{"start":{"line":12,"column":0},"end":{"line":12,"column":35}},"12":{"start":{"line":13,"column":0},"end":{"line":13,"column":20}},"13":{"start":{"line":14,"column":0},"end":{"line":14,"column":21}},"14":{"start":{"line":15,"column":0},"end":{"line":15,"column":4}},"16":{"start":{"line":17,"column":0},"end":{"line":17,"column":19}},"17":{"start":{"line":18,"column":0},"end":{"line":18,"column":43}},"18":{"start":{"line":19,"column":0},"end":{"line":19,"column":10}},"19":{"start":{"line":20,"column":0},"end":{"line":20,"column":31}},"20":{"start":{"line":21,"column":0},"end":{"line":21,"column":52}},"21":{"start":{"line":22,"column":0},"end":{"line":22,"column":9}},"22":{"start":{"line":23,"column":0},"end":{"line":23,"column":25}},"23":{"start":{"line":24,"column":0},"end":{"line":24,"column":7}},"24":{"start":{"line":25,"column":0},"end":{"line":25,"column":6}},"25":{"start":{"line":26,"column":0},"end":{"line":26,"column":63}},"26":{"start":{"line":27,"column":0},"end":{"line":27,"column":79}},"27":{"start":{"line":28,"column":0},"end":{"line":28,"column":9}},"29":{"start":{"line":30,"column":0},"end":{"line":30,"column":23}},"30":{"start":{"line":31,"column":0},"end":{"line":31,"column":73}},"32":{"start":{"line":33,"column":0},"end":{"line":33,"column":10}},"33":{"start":{"line":34,"column":0},"end":{"line":34,"column":70}},"34":{"start":{"line":35,"column":0},"end":{"line":35,"column":13}},"35":{"start":{"line":36,"column":0},"end":{"line":36,"column":21}},"36":{"start":{"line":37,"column":0},"end":{"line":37,"column":158}},"37":{"start":{"line":38,"column":0},"end":{"line":38,"column":42}},"39":{"start":{"line":40,"column":0},"end":{"line":40,"column":62}},"40":{"start":{"line":41,"column":0},"end":{"line":41,"column":80}},"41":{"start":{"line":42,"column":0},"end":{"line":42,"column":15}},"43":{"start":{"line":44,"column":0},"end":{"line":44,"column":18}},"44":{"start":{"line":45,"column":0},"end":{"line":45,"column":122}},"45":{"start":{"line":46,"column":0},"end":{"line":46,"column":36}},"46":{"start":{"line":47,"column":0},"end":{"line":47,"column":15}},"47":{"start":{"line":48,"column":0},"end":{"line":48,"column":32}},"48":{"start":{"line":49,"column":0},"end":{"line":49,"column":56}},"49":{"start":{"line":50,"column":0},"end":{"line":50,"column":85}},"50":{"start":{"line":51,"column":0},"end":{"line":51,"column":79}},"51":{"start":{"line":52,"column":0},"end":{"line":52,"column":17}},"53":{"start":{"line":54,"column":0},"end":{"line":54,"column":28}},"54":{"start":{"line":55,"column":0},"end":{"line":55,"column":17}},"55":{"start":{"line":56,"column":0},"end":{"line":56,"column":13}},"56":{"start":{"line":57,"column":0},"end":{"line":57,"column":13}},"58":{"start":{"line":59,"column":0},"end":{"line":59,"column":10}},"60":{"start":{"line":61,"column":0},"end":{"line":61,"column":1}}},"s":{"0":1,"2":12,"3":12,"4":12,"5":12,"6":12,"7":12,"8":12,"9":12,"11":12,"12":3,"13":3,"14":3,"16":12,"17":3,"18":8,"19":8,"20":8,"21":8,"22":2,"23":2,"24":8,"25":3,"26":3,"27":12,"29":12,"30":12,"32":12,"33":12,"34":12,"35":12,"36":12,"37":12,"39":12,"40":12,"41":12,"43":12,"44":3,"45":3,"46":12,"47":12,"48":12,"49":12,"50":12,"51":12,"53":12,"54":12,"55":3,"56":3,"58":12,"60":12},"branchMap":{"0":{"type":"branch","line":3,"loc":{"start":{"line":3,"column":0},"end":{"line":61,"column":1}},"locations":[{"start":{"line":3,"column":0},"end":{"line":61,"column":1}}]},"1":{"type":"branch","line":31,"loc":{"start":{"line":31,"column":52},"end":{"line":31,"column":73}},"locations":[{"start":{"line":31,"column":52},"end":{"line":31,"column":73}}]},"2":{"type":"branch","line":41,"loc":{"start":{"line":41,"column":54},"end":{"line":41,"column":69}},"locations":[{"start":{"line":41,"column":54},"end":{"line":41,"column":69}}]},"3":{"type":"branch","line":41,"loc":{"start":{"line":41,"column":63},"end":{"line":41,"column":73}},"locations":[{"start":{"line":41,"column":63},"end":{"line":41,"column":73}}]},"4":{"type":"branch","line":44,"loc":{"start":{"line":44,"column":7},"end":{"line":57,"column":13}},"locations":[{"start":{"line":44,"column":7},"end":{"line":57,"column":13}}]},"5":{"type":"branch","line":12,"loc":{"start":{"line":12,"column":23},"end":{"line":15,"column":4}},"locations":[{"start":{"line":12,"column":23},"end":{"line":15,"column":4}}]},"6":{"type":"branch","line":17,"loc":{"start":{"line":17,"column":12},"end":{"line":28,"column":5}},"locations":[{"start":{"line":17,"column":12},"end":{"line":28,"column":5}}]},"7":{"type":"branch","line":18,"loc":{"start":{"line":18,"column":31},"end":{"line":25,"column":6}},"locations":[{"start":{"line":18,"column":31},"end":{"line":25,"column":6}}]},"8":{"type":"branch","line":22,"loc":{"start":{"line":22,"column":8},"end":{"line":24,"column":7}},"locations":[{"start":{"line":22,"column":8},"end":{"line":24,"column":7}}]},"9":{"type":"branch","line":27,"loc":{"start":{"line":27,"column":11},"end":{"line":27,"column":79}},"locations":[{"start":{"line":27,"column":11},"end":{"line":27,"column":79}}]},"10":{"type":"branch","line":31,"loc":{"start":{"line":31,"column":17},"end":{"line":31,"column":49}},"locations":[{"start":{"line":31,"column":17},"end":{"line":31,"column":49}}]},"11":{"type":"branch","line":38,"loc":{"start":{"line":38,"column":17},"end":{"line":38,"column":42}},"locations":[{"start":{"line":38,"column":17},"end":{"line":38,"column":42}}]},"12":{"type":"branch","line":46,"loc":{"start":{"line":46,"column":23},"end":{"line":55,"column":17}},"locations":[{"start":{"line":46,"column":23},"end":{"line":55,"column":17}}]},"13":{"type":"branch","line":51,"loc":{"start":{"line":51,"column":41},"end":{"line":51,"column":77}},"locations":[{"start":{"line":51,"column":41},"end":{"line":51,"column":77}}]},"14":{"type":"branch","line":51,"loc":{"start":{"line":51,"column":49},"end":{"line":51,"column":79}},"locations":[{"start":{"line":51,"column":49},"end":{"line":51,"column":79}}]},"15":{"type":"branch","line":49,"loc":{"start":{"line":49,"column":23},"end":{"line":49,"column":56}},"locations":[{"start":{"line":49,"column":23},"end":{"line":49,"column":56}}]}},"b":{"0":[12],"1":[0],"2":[3],"3":[9],"4":[3],"5":[3],"6":[3],"7":[8],"8":[2],"9":[3],"10":[29],"11":[3],"12":[12],"13":[3],"14":[9],"15":[3]},"fnMap":{"0":{"name":"Dropdown","decl":{"start":{"line":3,"column":0},"end":{"line":61,"column":1}},"loc":{"start":{"line":3,"column":0},"end":{"line":61,"column":1}},"line":3},"1":{"name":"handleSelect","decl":{"start":{"line":12,"column":23},"end":{"line":15,"column":4}},"loc":{"start":{"line":12,"column":23},"end":{"line":15,"column":4}},"line":12},"2":{"name":"handleClickOutside","decl":{"start":{"line":18,"column":31},"end":{"line":25,"column":6}},"loc":{"start":{"line":18,"column":31},"end":{"line":25,"column":6}},"line":18},"3":{"name":"onClick","decl":{"start":{"line":38,"column":17},"end":{"line":38,"column":42}},"loc":{"start":{"line":38,"column":17},"end":{"line":38,"column":42}},"line":38},"4":{"name":"onClick","decl":{"start":{"line":49,"column":23},"end":{"line":49,"column":56}},"loc":{"start":{"line":49,"column":23},"end":{"line":49,"column":56}},"line":49}},"f":{"0":12,"1":3,"2":8,"3":3,"4":3}}
,"C:\\Users\\Narek\\Desktop\\Skillex\\src\\components\\shared\\StarRating\\index.jsx": {"path":"C:\\Users\\Narek\\Desktop\\Skillex\\src\\components\\shared\\StarRating\\index.jsx","all":false,"statementMap":{"0":{"start":{"line":1,"column":0},"end":{"line":1,"column":26}},"1":{"start":{"line":2,"column":0},"end":{"line":2,"column":39}},"3":{"start":{"line":4,"column":0},"end":{"line":4,"column":33}},"4":{"start":{"line":5,"column":0},"end":{"line":5,"column":23}},"5":{"start":{"line":6,"column":0},"end":{"line":6,"column":19}},"7":{"start":{"line":8,"column":0},"end":{"line":8,"column":41}},"8":{"start":{"line":9,"column":0},"end":{"line":9,"column":22}},"9":{"start":{"line":10,"column":0},"end":{"line":10,"column":67}},"10":{"start":{"line":11,"column":0},"end":{"line":11,"column":12}},"11":{"start":{"line":12,"column":0},"end":{"line":12,"column":65}},"12":{"start":{"line":13,"column":0},"end":{"line":13,"column":5}},"13":{"start":{"line":14,"column":0},"end":{"line":14,"column":3}},"15":{"start":{"line":16,"column":0},"end":{"line":16,"column":58}},"16":{"start":{"line":17,"column":0},"end":{"line":17,"column":1}}},"s":{"0":1,"1":1,"3":32,"4":32,"5":32,"7":32,"8":160,"9":128,"10":160,"11":32,"12":32,"13":160,"15":32,"16":32},"branchMap":{"0":{"type":"branch","line":4,"loc":{"start":{"line":4,"column":0},"end":{"line":17,"column":1}},"locations":[{"start":{"line":4,"column":0},"end":{"line":17,"column":1}}]},"1":{"type":"branch","line":8,"loc":{"start":{"line":8,"column":40},"end":{"line":14,"column":3}},"locations":[{"start":{"line":8,"column":40},"end":{"line":14,"column":3}}]},"2":{"type":"branch","line":9,"loc":{"start":{"line":9,"column":21},"end":{"line":11,"column":11}},"locations":[{"start":{"line":9,"column":21},"end":{"line":11,"column":11}}]},"3":{"type":"branch","line":11,"loc":{"start":{"line":11,"column":4},"end":{"line":13,"column":5}},"locations":[{"start":{"line":11,"column":4},"end":{"line":13,"column":5}}]}},"b":{"0":[32],"1":[160],"2":[128],"3":[32]},"fnMap":{"0":{"name":"StarRating","decl":{"start":{"line":4,"column":0},"end":{"line":17,"column":1}},"loc":{"start":{"line":4,"column":0},"end":{"line":17,"column":1}},"line":4}},"f":{"0":32}}
,"C:\\Users\\Narek\\Desktop\\Skillex\\src\\data\\mockData.js": {"path":"C:\\Users\\Narek\\Desktop\\Skillex\\src\\data\\mockData.js","all":false,"statementMap":{"0":{"start":{"line":1,"column":0},"end":{"line":1,"column":21}},"1":{"start":{"line":2,"column":0},"end":{"line":2,"column":3}},"2":{"start":{"line":3,"column":0},"end":{"line":3,"column":10}},"3":{"start":{"line":4,"column":0},"end":{"line":4,"column":32}},"4":{"start":{"line":5,"column":0},"end":{"line":5,"column":28}},"5":{"start":{"line":6,"column":0},"end":{"line":6,"column":21}},"6":{"start":{"line":7,"column":0},"end":{"line":7,"column":17}},"7":{"start":{"line":8,"column":0},"end":{"line":8,"column":16}},"8":{"start":{"line":9,"column":0},"end":{"line":9,"column":29}},"9":{"start":{"line":10,"column":0},"end":{"line":10,"column":4}},"10":{"start":{"line":11,"column":0},"end":{"line":11,"column":3}},"11":{"start":{"line":12,"column":0},"end":{"line":12,"column":10}},"12":{"start":{"line":13,"column":0},"end":{"line":13,"column":30}},"13":{"start":{"line":14,"column":0},"end":{"line":14,"column":28}},"14":{"start":{"line":15,"column":0},"end":{"line":15,"column":21}},"15":{"start":{"line":16,"column":0},"end":{"line":16,"column":17}},"16":{"start":{"line":17,"column":0},"end":{"line":17,"column":16}},"17":{"start":{"line":18,"column":0},"end":{"line":18,"column":29}},"18":{"start":{"line":19,"column":0},"end":{"line":19,"column":4}},"19":{"start":{"line":20,"column":0},"end":{"line":20,"column":3}},"20":{"start":{"line":21,"column":0},"end":{"line":21,"column":10}},"21":{"start":{"line":22,"column":0},"end":{"line":22,"column":26}},"22":{"start":{"line":23,"column":0},"end":{"line":23,"column":25}},"23":{"start":{"line":24,"column":0},"end":{"line":24,"column":21}},"24":{"start":{"line":25,"column":0},"end":{"line":25,"column":17}},"25":{"start":{"line":26,"column":0},"end":{"line":26,"column":16}},"26":{"start":{"line":27,"column":0},"end":{"line":27,"column":29}},"27":{"start":{"line":28,"column":0},"end":{"line":28,"column":4}},"28":{"start":{"line":29,"column":0},"end":{"line":29,"column":3}},"29":{"start":{"line":30,"column":0},"end":{"line":30,"column":10}},"30":{"start":{"line":31,"column":0},"end":{"line":31,"column":23}},"31":{"start":{"line":32,"column":0},"end":{"line":32,"column":28}},"32":{"start":{"line":33,"column":0},"end":{"line":33,"column":21}},"33":{"start":{"line":34,"column":0},"end":{"line":34,"column":18}},"34":{"start":{"line":35,"column":0},"end":{"line":35,"column":16}},"35":{"start":{"line":36,"column":0},"end":{"line":36,"column":29}},"36":{"start":{"line":37,"column":0},"end":{"line":37,"column":4}},"37":{"start":{"line":38,"column":0},"end":{"line":38,"column":3}},"38":{"start":{"line":39,"column":0},"end":{"line":39,"column":10}},"39":{"start":{"line":40,"column":0},"end":{"line":40,"column":27}},"40":{"start":{"line":41,"column":0},"end":{"line":41,"column":25}},"41":{"start":{"line":42,"column":0},"end":{"line":42,"column":21}},"42":{"start":{"line":43,"column":0},"end":{"line":43,"column":18}},"43":{"start":{"line":44,"column":0},"end":{"line":44,"column":16}},"44":{"start":{"line":45,"column":0},"end":{"line":45,"column":29}},"45":{"start":{"line":46,"column":0},"end":{"line":46,"column":4}},"46":{"start":{"line":47,"column":0},"end":{"line":47,"column":2}}},"s":{"0":1,"1":1,"2":1,"3":1,"4":1,"5":1,"6":1,"7":1,"8":1,"9":1,"10":1,"11":1,"12":1,"13":1,"14":1,"15":1,"16":1,"17":1,"18":1,"19":1,"20":1,"21":1,"22":1,"23":1,"24":1,"25":1,"26":1,"27":1,"28":1,"29":1,"30":1,"31":1,"32":1,"33":1,"34":1,"35":1,"36":1,"37":1,"38":1,"39":1,"40":1,"41":1,"42":1,"43":1,"44":1,"45":1,"46":1},"branchMap":{},"b":{},"fnMap":{},"f":{}}
,"C:\\Users\\Narek\\Desktop\\Skillex\\src\\hooks\\useDebounce.js": {"path":"C:\\Users\\Narek\\Desktop\\Skillex\\src\\hooks\\useDebounce.js","all":false,"statementMap":{"0":{"start":{"line":1,"column":0},"end":{"line":1,"column":67}},"1":{"start":{"line":2,"column":0},"end":{"line":2,"column":0}},"2":{"start":{"line":3,"column":0},"end":{"line":3,"column":43}},"3":{"start":{"line":4,"column":0},"end":{"line":4,"column":62}},"4":{"start":{"line":5,"column":0},"end":{"line":5,"column":0}},"5":{"start":{"line":6,"column":0},"end":{"line":6,"column":19}},"6":{"start":{"line":7,"column":0},"end":{"line":7,"column":38}},"7":{"start":{"line":8,"column":0},"end":{"line":8,"column":31}},"8":{"start":{"line":9,"column":0},"end":{"line":9,"column":14}},"9":{"start":{"line":10,"column":0},"end":{"line":10,"column":0}},"10":{"start":{"line":11,"column":0},"end":{"line":11,"column":39}},"11":{"start":{"line":12,"column":0},"end":{"line":12,"column":21}},"12":{"start":{"line":13,"column":0},"end":{"line":13,"column":0}},"13":{"start":{"line":14,"column":0},"end":{"line":14,"column":24}},"14":{"start":{"line":15,"column":0},"end":{"line":15,"column":1}}},"s":{"0":1,"1":1,"2":1,"3":18,"4":18,"5":18,"6":5,"7":4,"8":5,"9":5,"10":5,"11":18,"12":18,"13":18,"14":18},"branchMap":{"0":{"type":"branch","line":3,"loc":{"start":{"line":3,"column":7},"end":{"line":15,"column":1}},"locations":[{"start":{"line":3,"column":7},"end":{"line":15,"column":1}}]},"1":{"type":"branch","line":6,"loc":{"start":{"line":6,"column":12},"end":{"line":12,"column":3}},"locations":[{"start":{"line":6,"column":12},"end":{"line":12,"column":3}}]},"2":{"type":"branch","line":7,"loc":{"start":{"line":7,"column":31},"end":{"line":9,"column":5}},"locations":[{"start":{"line":7,"column":31},"end":{"line":9,"column":5}}]},"3":{"type":"branch","line":11,"loc":{"start":{"line":11,"column":11},"end":{"line":11,"column":38}},"locations":[{"start":{"line":11,"column":11},"end":{"line":11,"column":38}}]}},"b":{"0":[18],"1":[5],"2":[4],"3":[5]},"fnMap":{"0":{"name":"useDebounce","decl":{"start":{"line":3,"column":7},"end":{"line":15,"column":1}},"loc":{"start":{"line":3,"column":7},"end":{"line":15,"column":1}},"line":3}},"f":{"0":18}}
,"C:\\Users\\Narek\\Desktop\\Skillex\\src\\utils\\index.js": {"path":"C:\\Users\\Narek\\Desktop\\Skillex\\src\\utils\\index.js","all":false,"statementMap":{"0":{"start":{"line":1,"column":0},"end":{"line":1,"column":78}}},"s":{"0":1},"branchMap":{},"b":{},"fnMap":{},"f":{}}
,"C:\\Users\\Narek\\Desktop\\Skillex\\src\\utils\\filterUtils\\filterUtils.js": {"path":"C:\\Users\\Narek\\Desktop\\Skillex\\src\\utils\\filterUtils\\filterUtils.js","all":false,"statementMap":{"0":{"start":{"line":1,"column":0},"end":{"line":1,"column":17}},"1":{"start":{"line":2,"column":0},"end":{"line":2,"column":46}},"2":{"start":{"line":3,"column":0},"end":{"line":3,"column":46}},"3":{"start":{"line":4,"column":0},"end":{"line":4,"column":40}},"4":{"start":{"line":5,"column":0},"end":{"line":5,"column":2}},"5":{"start":{"line":6,"column":0},"end":{"line":6,"column":0}},"6":{"start":{"line":7,"column":0},"end":{"line":7,"column":38}},"7":{"start":{"line":8,"column":0},"end":{"line":8,"column":11}},"8":{"start":{"line":9,"column":0},"end":{"line":9,"column":10}},"9":{"start":{"line":10,"column":0},"end":{"line":10,"column":18}},"10":{"start":{"line":11,"column":0},"end":{"line":11,"column":17}},"11":{"start":{"line":12,"column":0},"end":{"line":12,"column":3}},"12":{"start":{"line":13,"column":0},"end":{"line":13,"column":58}},"13":{"start":{"line":14,"column":0},"end":{"line":14,"column":0}},"14":{"start":{"line":15,"column":0},"end":{"line":15,"column":49}},"15":{"start":{"line":16,"column":0},"end":{"line":16,"column":36}},"16":{"start":{"line":17,"column":0},"end":{"line":17,"column":20}},"17":{"start":{"line":18,"column":0},"end":{"line":18,"column":42}},"18":{"start":{"line":19,"column":0},"end":{"line":19,"column":0}},"19":{"start":{"line":20,"column":0},"end":{"line":20,"column":25}},"20":{"start":{"line":21,"column":0},"end":{"line":21,"column":63}},"21":{"start":{"line":22,"column":0},"end":{"line":22,"column":0}},"22":{"start":{"line":23,"column":0},"end":{"line":23,"column":71}},"23":{"start":{"line":24,"column":0},"end":{"line":24,"column":0}},"24":{"start":{"line":25,"column":0},"end":{"line":25,"column":22}},"25":{"start":{"line":26,"column":0},"end":{"line":26,"column":71}},"26":{"start":{"line":27,"column":0},"end":{"line":27,"column":0}},"27":{"start":{"line":28,"column":0},"end":{"line":28,"column":60}},"28":{"start":{"line":29,"column":0},"end":{"line":29,"column":0}},"29":{"start":{"line":30,"column":0},"end":{"line":30,"column":12}},"30":{"start":{"line":31,"column":0},"end":{"line":31,"column":77}},"31":{"start":{"line":32,"column":0},"end":{"line":32,"column":6}},"32":{"start":{"line":33,"column":0},"end":{"line":33,"column":5}},"33":{"start":{"line":34,"column":0},"end":{"line":34,"column":0}},"34":{"start":{"line":35,"column":0},"end":{"line":35,"column":43}},"35":{"start":{"line":36,"column":0},"end":{"line":36,"column":0}},"36":{"start":{"line":37,"column":0},"end":{"line":37,"column":68}},"37":{"start":{"line":38,"column":0},"end":{"line":38,"column":1}}},"s":{"0":1,"1":1,"2":1,"3":1,"4":1,"5":1,"6":1,"7":13,"8":13,"9":13,"10":13,"11":13,"12":13,"13":13,"14":13,"15":58,"16":58,"17":58,"18":58,"19":58,"20":58,"21":58,"22":58,"23":58,"24":58,"25":58,"26":58,"27":58,"28":58,"29":58,"30":58,"31":58,"32":13,"33":13,"34":13,"35":13,"36":13,"37":13},"branchMap":{"0":{"type":"branch","line":2,"loc":{"start":{"line":2,"column":18},"end":{"line":2,"column":45}},"locations":[{"start":{"line":2,"column":18},"end":{"line":2,"column":45}}]},"1":{"type":"branch","line":3,"loc":{"start":{"line":3,"column":18},"end":{"line":3,"column":45}},"locations":[{"start":{"line":3,"column":18},"end":{"line":3,"column":45}}]},"2":{"type":"branch","line":4,"loc":{"start":{"line":4,"column":10},"end":{"line":4,"column":39}},"locations":[{"start":{"line":4,"column":10},"end":{"line":4,"column":39}}]},"3":{"type":"branch","line":7,"loc":{"start":{"line":7,"column":7},"end":{"line":38,"column":1}},"locations":[{"start":{"line":7,"column":7},"end":{"line":38,"column":1}}]},"4":{"type":"branch","line":37,"loc":{"start":{"line":37,"column":22},"end":{"line":37,"column":56}},"locations":[{"start":{"line":37,"column":22},"end":{"line":37,"column":56}}]},"5":{"type":"branch","line":37,"loc":{"start":{"line":37,"column":57},"end":{"line":37,"column":67}},"locations":[{"start":{"line":37,"column":57},"end":{"line":37,"column":67}}]},"6":{"type":"branch","line":15,"loc":{"start":{"line":15,"column":35},"end":{"line":33,"column":3}},"locations":[{"start":{"line":15,"column":35},"end":{"line":33,"column":3}}]},"7":{"type":"branch","line":21,"loc":{"start":{"line":21,"column":24},"end":{"line":21,"column":62}},"locations":[{"start":{"line":21,"column":24},"end":{"line":21,"column":62}}]},"8":{"type":"branch","line":23,"loc":{"start":{"line":23,"column":38},"end":{"line":23,"column":70}},"locations":[{"start":{"line":23,"column":38},"end":{"line":23,"column":70}}]},"9":{"type":"branch","line":28,"loc":{"start":{"line":28,"column":32},"end":{"line":28,"column":59}},"locations":[{"start":{"line":28,"column":32},"end":{"line":28,"column":59}}]},"10":{"type":"branch","line":31,"loc":{"start":{"line":31,"column":18},"end":{"line":31,"column":34}},"locations":[{"start":{"line":31,"column":18},"end":{"line":31,"column":34}}]},"11":{"type":"branch","line":31,"loc":{"start":{"line":31,"column":35},"end":{"line":31,"column":48}},"locations":[{"start":{"line":31,"column":35},"end":{"line":31,"column":48}}]},"12":{"type":"branch","line":31,"loc":{"start":{"line":31,"column":49},"end":{"line":31,"column":62}},"locations":[{"start":{"line":31,"column":49},"end":{"line":31,"column":62}}]},"13":{"type":"branch","line":31,"loc":{"start":{"line":31,"column":63},"end":{"line":31,"column":77}},"locations":[{"start":{"line":31,"column":63},"end":{"line":31,"column":77}}]}},"b":{"0":[13],"1":[21],"2":[6],"3":[13],"4":[7],"5":[6],"6":[58],"7":[13],"8":[0],"9":[0],"10":[53],"11":[47],"12":[47],"13":[47]},"fnMap":{"0":{"name":"priceLowToHigh","decl":{"start":{"line":2,"column":18},"end":{"line":2,"column":45}},"loc":{"start":{"line":2,"column":18},"end":{"line":2,"column":45}},"line":2},"1":{"name":"priceHighToLow","decl":{"start":{"line":3,"column":18},"end":{"line":3,"column":45}},"loc":{"start":{"line":3,"column":18},"end":{"line":3,"column":45}},"line":3},"2":{"name":"rating","decl":{"start":{"line":4,"column":10},"end":{"line":4,"column":39}},"loc":{"start":{"line":4,"column":10},"end":{"line":4,"column":39}},"line":4},"3":{"name":"filterAndSortProducts","decl":{"start":{"line":7,"column":7},"end":{"line":38,"column":1}},"loc":{"start":{"line":7,"column":7},"end":{"line":38,"column":1}},"line":7}},"f":{"0":13,"1":21,"2":6,"3":13}}
}
